build/app/outputs/mapping/release/seeds.txt
com.gstudio.vpn.MainActivity
com.gstudio.vpn.MainActivity: MainActivity()
...
com.google.android.gms.internal.ads.zzbv$zze: com.google.android.gms.internal.ads.zzbv$zze zzlt
com.google.android.gms.internal.ads.zzdpw$zzk: com.google.android.gms.internal.ads.zzdpw$zzk next
com.google.android.gms.measurement.internal.AppMeasurementDynamiteService: void getConditionalUserProperties(java.lang.String,java.lang.String,com.google.android.gms.internal.measurement.zzn)
com.google.android.gms.internal.ads.zztf$zzb: com.google.android.gms.internal.ads.zzecl zzbwk
com.google.android.gms.internal.ads.zzdvd
io.flutter.embedding.engine.FlutterJNI: void addEngineLifecycleListener(io.flutter.embedding.engine.FlutterEngine$EngineLifecycleListener)
com.google.android.gms.internal.ads.zzdvo: int zzhlh
androidx.appcompat.widget.ActivityChooserView$InnerLayout: ActivityChooserView$InnerLayout(android.content.Context,android.util.AttributeSet)
com.google.android.gms.internal.ads.zztf$zza: int zzbvz
androidx.appcompat.widget.SearchView$SearchAutoComplete: int getSearchViewTextMinWidthDp()
com.google.android.gms.internal.ads.zzdxf: java.lang.String zzhnz
com.google.ads.AdRequest$ErrorCode: com.google.ads.AdRequest$ErrorCode valueOf(java.lang.String)
com.google.android.gms.internal.ads.zzefy$zzb$zzh$zza: com.google.android.gms.internal.ads.zzefy$zzb$zzh$zza[] values()
com.google.android.gms.internal.ads.zztf$zzl: com.google.android.gms.internal.ads.zzedx zzea
com.google.android.gms.internal.measurement.zzbs$zzk: java.lang.String zzf
com.google.android.gms.internal.ads.zztf$zzn: int zzcak
com.google.android.gms.internal.ads.zzbv$zza: long zzfx
com.google.android.gms.internal.ads.zzdvp: com.google.android.gms.internal.ads.zzedx zzea
io.flutter.plugin.editing.ImeSyncDeferringInsetsCallback: android.view.WindowInsets lastWindowInsets
com.google.android.gms.internal.ads.zzbo$zzc: int zzdl
com.google.ads.mediation.AbstractAdViewAdapter: android.content.Context zzlz
com.google.android.gms.internal.ads.zzefy$zzb$zzf: int zzdl
androidx.appcompat.widget.DialogTitle: DialogTitle(android.content.Context,android.util.AttributeSet)
com.google.android.gms.measurement.internal.zzm: android.os.Parcelable$Creator CREATOR
com.google.android.gms.internal.ads.zzdmf$zza: com.google.android.gms.internal.ads.zzdmf$zza[] values()
com.google.android.gms.ads.mediation.customevent.CustomEventBanner: void onDestroy()
com.google.android.gms.measurement.internal.AppMeasurementDynamiteService: void logEvent(java.lang.String,java.lang.String,android.os.Bundle,boolean,boolean,long)
com.google.android.gms.ads.reward.mediation.InitializableMediationRewardedVideoAdAdapter
androidx.appcompat.widget.AppCompatAutoCompleteTextView: void setBackgroundDrawable(android.graphics.drawable.Drawable)
com.google.android.gms.internal.ads.zzgb: com.google.android.gms.internal.ads.zzgb[] values()
io.flutter.embedding.engine.FlutterJNI: void onDisplayPlatformView(int,int,int,int,int,int,int,io.flutter.embedding.engine.mutatorsstack.FlutterMutatorsStack)
com.google.android.gms.internal.ads.zzaol: void requestInterstitialAd(android.content.Context,com.google.android.gms.ads.mediation.MediationInterstitialListener,android.os.Bundle,com.google.android.gms.ads.mediation.MediationAdRequest,android.os.Bundle)
com.google.android.gms.internal.ads.zzbv$zza: java.lang.String zzfp
com.google.android.gms.internal.ads.zzdws: com.google.android.gms.internal.ads.zzdwo zzhmr
androidx.appcompat.widget.AppCompatImageButton: void setImageDrawable(android.graphics.drawable.Drawable)
com.google.android.gms.internal.ads.zzbo$zza: int zzdl
androidx.appcompat.widget.AppCompatImageView: android.graphics.PorterDuff$Mode getSupportBackgroundTintMode()
androidx.appcompat.widget.ActionMenuView: int getWindowAnimations()
androidx.vectordrawable.graphics.drawable.VectorDrawableCompat$VFullPath: void setStrokeWidth(float)
com.google.android.gms.internal.ads.zzdwl
androidx.appcompat.widget.LinearLayoutCompat: int getOrientation()
com.google.android.gms.internal.ads.zzbm$zza$zzb: java.lang.String zzec