build/app/outputs/mapping/release/mapping.txt
# compiler: R8
# compiler_version: 2.1.86
# min_api: 19
# pg_map_id: 7d54b49
# common_typos_disable
com.gstudio.vpn.-$$Lambda$MainActivity$NBXIzaNaTWKY31YZ_LtV5SKuqMY -> com.gstudio.vpn.a:
    com.gstudio.vpn.MainActivity f$0 -> b
    void onMethodCall(io.flutter.plugin.common.MethodCall,io.flutter.plugin.common.MethodChannel$Result) -> j
com.gstudio.vpn.-$$Lambda$MainActivity$V-PcAu7drn8qAeV2As9CYiPIoAM -> com.gstudio.vpn.b:
    de.blinkt.openvpn.VpnProfile f$1 -> c
    com.gstudio.vpn.MainActivity f$0 -> b
com.gstudio.vpn.MainActivity -> com.gstudio.vpn.MainActivity:
    org.json.JSONObject localJson -> s
    java.lang.String config -> k
    java.lang.String password -> m
    java.lang.String username -> l
    java.lang.String dns1 -> o
    java.lang.String name -> n
    java.lang.String dns2 -> p
    boolean attached -> r
    de.blinkt.openvpn.VpnProfile vpnProfile -> j
    io.flutter.plugin.common.MethodChannel vpnControlMethod -> e
    io.flutter.plugin.common.EventChannel vpnStatusEvent -> g
    io.flutter.plugin.common.EventChannel$EventSink vpnStageSink -> h
    io.flutter.plugin.common.EventChannel vpnControlEvent -> f
    io.flutter.plugin.common.EventChannel$EventSink vpnStatusSink -> i
    java.util.ArrayList bypassPackages -> q
    void access$000(com.gstudio.vpn.MainActivity,java.lang.String) -> L
    io.flutter.plugin.common.EventChannel$EventSink access$100(com.gstudio.vpn.MainActivity) -> M
    io.flutter.plugin.common.EventChannel$EventSink access$102(com.gstudio.vpn.MainActivity,io.flutter.plugin.common.EventChannel$EventSink) -> N
    org.json.JSONObject access$202(com.gstudio.vpn.MainActivity,org.json.JSONObject) -> O
    boolean access$300(com.gstudio.vpn.MainActivity) -> P
    io.flutter.plugin.common.EventChannel$EventSink access$400(com.gstudio.vpn.MainActivity) -> Q
    io.flutter.plugin.common.EventChannel$EventSink access$402(com.gstudio.vpn.MainActivity,io.flutter.plugin.common.EventChannel$EventSink) -> R
com.gstudio.vpn.MainActivity$1 -> com.gstudio.vpn.MainActivity$a:
    com.gstudio.vpn.MainActivity this$0 -> a
com.gstudio.vpn.MainActivity$2 -> com.gstudio.vpn.MainActivity$b:
    com.gstudio.vpn.MainActivity this$0 -> b
    void onListen(java.lang.Object,io.flutter.plugin.common.EventChannel$EventSink) -> b
    void onCancel(java.lang.Object) -> d
com.gstudio.vpn.MainActivity$3 -> com.gstudio.vpn.MainActivity$c:
    com.gstudio.vpn.MainActivity this$0 -> b
    void onListen(java.lang.Object,io.flutter.plugin.common.EventChannel$EventSink) -> b
    void onCancel(java.lang.Object) -> d
...
com.google.android.gms.internal.ads.zzaqs -> com.google.android.gms.internal.ads.df:
com.google.android.gms.internal.ads.zzaqt -> com.google.android.gms.internal.ads.ef:
com.google.android.gms.internal.ads.zzaqu -> com.google.android.gms.internal.ads.ff:
    java.lang.String zzbsc -> f
    java.lang.String zzdms -> I
    android.os.Bundle zzdlw -> c
    java.lang.String zzdma -> j
    boolean zzdnk -> b0
    boolean zzdez -> L
    java.util.List zzdmi -> x
    java.util.List zzdnf -> W
    boolean zzdme -> q
    java.lang.String zzdnd -> U
    java.util.ArrayList zzdnm -> d0
    android.os.Bundle zzdmd -> p
    com.google.android.gms.internal.ads.zzazz zzbmo -> l
    boolean zzdmq -> G
    java.lang.String zzdlz -> i
    java.util.List zzdhd -> o
    boolean zzdmz -> Q
    java.lang.String zzdmf -> u
    java.lang.String zzdnc -> T
    android.os.Bundle zzdmw -> N
    java.lang.String zzdmj -> y
    java.lang.String zzdng -> X
    android.content.pm.PackageInfo zzdly -> h
    android.os.Bundle zzdna -> R
    float zzbpk -> t
    boolean zzdmr -> H
    com.google.android.gms.internal.ads.zzum zzbmp -> e
    int zzdji -> r
    java.lang.String zzdmm -> C
    int zzdmc -> n
    int zzdmv -> M
    java.lang.String zzdmu -> K
    boolean zzdmt -> J
    boolean zzdnj -> a0
    android.content.pm.ApplicationInfo applicationInfo -> g
    boolean zzdnl -> c0
    long zzdml -> B
    float zzdmn -> D
    java.lang.String zzdmx -> O
    boolean zzdne -> V
    java.util.List zzdnh -> Y
    int zzdmo -> E
    int versionCode -> b
    java.lang.String zzdnb -> S
    android.os.Bundle zzdmb -> m
    java.util.List zzdmk -> A
    int zzdni -> Z
com.google.android.gms.internal.ads.zzaqv -> com.google.android.gms.internal.ads.gf:
com.google.android.gms.internal.ads.zzaqw -> com.google.android.gms.internal.ads.hf:
    com.google.android.gms.internal.ads.zzaqy zzblw -> H
    com.google.android.gms.internal.ads.zzari zzdof -> y
    boolean zzdop -> P
    boolean zzdnt -> i
    java.lang.String zzdom -> M
    boolean zzdez -> L
    boolean zzbnf -> u
    java.lang.String zzdnw -> n
    boolean zzdnz -> q
    java.lang.String zzdoa -> r
    java.lang.String zzdou -> Y
    java.lang.String zzdog -> z
    boolean zzdol -> G
    int zzdor -> T
    boolean zzcez -> C
    java.util.List zzdey -> K
    long zzdfb -> l
    int orientation -> m
    boolean zzdmr -> I
    java.util.List zzdew -> V
    long zzdns -> h
    boolean zzdos -> U
    boolean zzdme -> v
    boolean zzdne -> Q
    java.lang.String zzdot -> X
    java.util.List zzdok -> F
    android.os.Bundle zzdoq -> R
    java.util.List zzdev -> g
    java.lang.String zzdnr -> d
    java.util.List zzdnv -> k
    boolean zzdow -> a0
    int errorCode -> f
    java.lang.String zzdoo -> O
    boolean zzdod -> w
    java.lang.String zzdny -> p
    int versionCode -> b
    java.util.List zzdoj -> E
    boolean zzdov -> Z
    java.lang.String zzdku -> c
    long zzdnx -> o
    com.google.android.gms.internal.ads.zzaum zzdon -> N
    long zzdnu -> j
    java.lang.String zzdms -> J
    boolean zzbmh -> W
    boolean zzdoe -> x
    java.lang.String zzdob -> s
    boolean zzbmg -> S
    boolean zzdoc -> t
    java.util.List zzdeu -> e
com.google.android.gms.internal.ads.zzaqx -> com.google.android.gms.internal.ads.if:
com.google.android.gms.internal.ads.zzaqy -> com.google.android.gms.internal.ads.jf:
    java.util.List zzdoy -> c
    boolean zzdox -> b
com.google.android.gms.internal.ads.zzaqz -> com.google.android.gms.internal.ads.kf:
    boolean zza(int,android.os.Parcel,android.os.Parcel,int) -> h8
com.google.android.gms.internal.ads.zzar -> com.google.android.gms.internal.ads.lf:
    java.util.List zzch -> b
    java.io.InputStream zzcj -> d
    int zzci -> c
    int zzcg -> a
    java.io.InputStream getContent() -> a
    int getContentLength() -> b
    int getStatusCode() -> c
    java.util.List zzq() -> d