build/app/outputs/mapping/release/usage.txt
com.gstudio.vpn.R$xml
com.gstudio.vpn.R
com.gstudio.vpn.R$array
com.gstudio.vpn.R$mipmap
com.gstudio.vpn.BuildConfig
com.gstudio.vpn.R$style
com.gstudio.vpn.R$attr
com.gstudio.vpn.R$bool
com.gstudio.vpn.R$drawable
com.gstudio.vpn.R$integer
com.gstudio.vpn.R$layout
com.gstudio.vpn.R$animator
com.gstudio.vpn.R$string
com.gstudio.vpn.MainActivity:
    private static final java.lang.String EVENT_CHANNEL_VPN_STAGE
    private static final java.lang.String EVENT_CHANNEL_VPN_STATUS
    private static final java.lang.String METHOD_CHANNEL_VPN_CONTROL
    private static final int VPN_REQUEST_ID
    private static final java.lang.String TAG
com.gstudio.vpn.R$interpolator
com.gstudio.vpn.R$color
com.gstudio.vpn.R$dimen
com.gstudio.vpn.R$styleable
com.gstudio.vpn.R$anim
com.gstudio.vpn.R$plurals
com.gstudio.vpn.R$id
...
com.google.common.collect.CompactHashMap
androidx.coordinatorlayout.R$id
com.google.android.play.core.appupdate.d:
    public final synchronized void unregisterListener(com.google.android.play.core.install.InstallStateUpdatedListener)
    public final com.google.android.play.core.tasks.Task startUpdateFlow(com.google.android.play.core.appupdate.AppUpdateInfo,android.app.Activity,com.google.android.play.core.appupdate.AppUpdateOptions)
    public final boolean startUpdateFlowForResult(com.google.android.play.core.appupdate.AppUpdateInfo,int,com.google.android.play.core.common.IntentSenderForResultStarter,int)
    public final boolean startUpdateFlowForResult(com.google.android.play.core.appupdate.AppUpdateInfo,android.app.Activity,com.google.android.play.core.appupdate.AppUpdateOptions,int)
androidx.slidingpanelayout.widget.SlidingPaneLayout$SimplePanelSlideListener
javax.annotation.Untainted
com.google.common.collect.MultimapBuilder$LinkedListSupplier
androidx.collection.CircularIntArray
kotlin.collections.AbstractSet$Companion
com.android.billingclient.api.PriceChangeFlowParams
com.google.common.util.concurrent.MoreExecutors$Application
androidx.core.app.NotificationCompat$BubbleMetadata:
    private void <init>(android.app.PendingIntent,android.app.PendingIntent,androidx.core.graphics.drawable.IconCompat,int,int,int,java.lang.String)
    public static androidx.core.app.NotificationCompat$BubbleMetadata fromPlatform(android.app.Notification$BubbleMetadata)
    synthetic void <init>(android.app.PendingIntent,android.app.PendingIntent,androidx.core.graphics.drawable.IconCompat,int,int,int,java.lang.String,androidx.core.app.NotificationCompat$1)
    public void setFlags(int)
    private android.app.PendingIntent mPendingIntent
    private android.app.PendingIntent mDeleteIntent
    private androidx.core.graphics.drawable.IconCompat mIcon
    private int mDesiredHeight
    private int mDesiredHeightResId
    private int mFlags
    private java.lang.String mShortcutId
    private static final int FLAG_AUTO_EXPAND_BUBBLE
    private static final int FLAG_SUPPRESS_NOTIFICATION
com.google.android.gms.common.internal.ConnectionErrorMessages:
    private void <init>()
de.blinkt.openvpn.core.OpenVPNStatusService$UpdateMessage
android.support.customtabs.ICustomTabsCallback
de.blinkt.openvpn.api.ExternalOpenVPNService
androidx.versionedparcelable.VersionedParcelStream$1
androidx.loader.content.AsyncTaskLoader$LoadTask
androidx.core.os.LocaleListCompatWrapper
kotlin.collections.ArraysKt___ArraysKt$asIterable$$inlined$Iterable$1
kotlin.collections.ULongIterator
com.google.common.collect.ImmutableMap$IteratorBasedImmutableMap
androidx.core.widget.ListPopupWindowCompat
com.google.android.gms.ads.search.SearchAdView:
    public void <init>(android.content.Context)
    public void <init>(android.content.Context,android.util.AttributeSet)
    public void <init>(android.content.Context,android.util.AttributeSet,int)
    public final void destroy()
    public final void loadAd(com.google.android.gms.ads.search.SearchAdRequest)
    public final void loadAd(com.google.android.gms.ads.search.DynamicHeightSearchAdRequest)
    public final void pause()
    public final void resume()
androidx.core.app.AlarmManagerCompat
com.google.common.cache.LocalCache$Strength$1
com.google.common.primitives.Longs$LexicographicalComparator
com.google.android.gms.internal.ads.zzdw:
    public void <init>()
com.google.common.collect.Multimaps$CustomSetMultimap
com.google.common.collect.TreeRangeSet$RangesByUpperBound$2
kotlin.ranges.RangesKt__RangesKt
com.google.common.collect.StandardTable$Row
androidx.lifecycle.SavedStateHandle$1
com.google.android.gms.internal.play_billing.zze:
    public android.os.IBinder asBinder()
    public boolean onTransact(int,android.os.Parcel,android.os.Parcel,int)
androidx.core.util.Predicate
com.google.common.collect.ImmutableRangeSet$AsSetSerializedForm
com.google.android.gms.internal.measurement.zzag